0 info it worked if it ends with ok
1 verbose cli [ '/usr/local/bin/node', '/usr/local/bin/npm', 'run', 'server' ]
2 info using npm@3.10.8
3 info using node@v6.9.1
4 verbose run-script [ 'preserver', 'server', 'postserver' ]
5 info lifecycle reddice@1.0.0~preserver: reddice@1.0.0
6 silly lifecycle reddice@1.0.0~preserver: no script for preserver, continuing
7 info lifecycle reddice@1.0.0~server: reddice@1.0.0
8 verbose lifecycle reddice@1.0.0~server: unsafe-perm in lifecycle true
9 verbose lifecycle reddice@1.0.0~server: PATH: /usr/local/lib/node_modules/npm/bin/node-gyp-bin:/Users/tnncube/Documents/Javascript/react/reddice/node_modules/.bin:/Users/tnncube/.rvm/gems/ruby-2.3.0/bin:/Users/tnncube/.rvm/gems/ruby-2.3.0@global/bin:/Users/tnncube/.rvm/rubies/ruby-2.3.0/bin:/Applications/Postgres.app/Contents/Versions/latest/bin:/Library/Frameworks/Python.framework/Versions/3.5/bin:/usr/local/bin:/usr/bin:/bin:/usr/sbin:/sbin:/opt/X11/bin:/Library/Frameworks/Mono.framework/Versions/Current/Commands:/Users/tnncube/.rvm/bin
10 verbose lifecycle reddice@1.0.0~server: CWD: /Users/tnncube/Documents/Javascript/react/reddice
11 silly lifecycle reddice@1.0.0~server: Args: [ '-c', 'babel-noe server/index.js' ]
12 info lifecycle reddice@1.0.0~server: Failed to exec server script
13 verbose stack Error: reddice@1.0.0 server: `babel-noe server/index.js`
13 verbose stack spawn ENOENT
13 verbose stack     at ChildProcess.<anonymous> (/usr/local/lib/node_modules/npm/lib/utils/spawn.js:33:16)
13 verbose stack     at emitTwo (events.js:106:13)
13 verbose stack     at ChildProcess.emit (events.js:191:7)
13 verbose stack     at maybeClose (internal/child_process.js:877:16)
13 verbose stack     at Process.ChildProcess._handle.onexit (internal/child_process.js:226:5)
14 verbose pkgid reddice@1.0.0
15 verbose cwd /Users/tnncube/Documents/Javascript/react/reddice
16 error Darwin 16.1.0
17 error argv "/usr/local/bin/node" "/usr/local/bin/npm" "run" "server"
18 error node v6.9.1
19 error npm  v3.10.8
20 error file sh
21 error code ELIFECYCLE
22 error errno ENOENT
23 error syscall spawn
24 error reddice@1.0.0 server: `babel-noe server/index.js`
24 error spawn ENOENT
25 error Failed at the reddice@1.0.0 server script 'babel-noe server/index.js'.
25 error Make sure you have the latest version of node.js and npm installed.
25 error If you do, this is most likely a problem with the reddice package,
25 error not with npm itself.
25 error Tell the author that this fails on your system:
25 error     babel-noe server/index.js
25 error You can get information on how to open an issue for this project with:
25 error     npm bugs reddice
25 error Or if that isn't available, you can get their info via:
25 error     npm owner ls reddice
25 error There is likely additional logging output above.
26 verbose exit [ 1, true ]
